<?xml version="1.0" encoding="UTF-8"?>
<!-- Generated by org.testng.reporters.JUnitReportReporter -->
<testsuite hostname="DESKTOP-MPU6F8C" failures="0" tests="1" name="Assignment.Create" time="1.474" errors="0" timestamp="2022-02-11T14:15:27 IST" skipped="0">
  <testcase classname="Assignment.Create" name="CreateTest" time="1.474"/>
  <system-out/>
</testsuite> <!-- Assignment.Create -->
