<?xml version="1.0" encoding="UTF-8"?>
<!-- Generated by org.testng.reporters.JUnitReportReporter -->
<testsuite hostname="Manasa" failures="0" tests="1" name="practiceCRUDwithBDD.CreateResource" time="1.691" errors="0" timestamp="2022-02-12T18:41:54 IST" skipped="0">
  <testcase classname="practiceCRUDwithBDD.CreateResource" name="createResource" time="1.691"/>
  <system-out/>
</testsuite> <!-- practiceCRUDwithBDD.CreateResource -->
