<?xml version="1.0" encoding="UTF-8"?>
<!-- Generated by org.testng.reporters.JUnitReportReporter -->
<testsuite hostname="DESKTOP-MPU6F8C" failures="0" tests="1" name="Assignment.addProjectWithCompletedStats" time="2.072" errors="0" timestamp="2022-02-11T17:55:17 IST" skipped="0">
  <testcase classname="Assignment.addProjectWithCompletedStats" name="completeProject" time="2.072"/>
  <system-out/>
</testsuite> <!-- Assignment.addProjectWithCompletedStats -->
