<?xml version="1.0" encoding="UTF-8"?>
<!-- Generated by org.testng.reporters.JUnitReportReporter -->
<testsuite hostname="DESKTOP-MPU6F8C" failures="0" tests="1" name="responseValidation.StaticResponseValidation" time="1.644" errors="0" timestamp="2022-02-11T10:32:25 IST" skipped="0">
  <testcase classname="responseValidation.StaticResponseValidation" name="verify" time="1.644"/>
  <system-out/>
</testsuite> <!-- responseValidation.StaticResponseValidation -->
