<?xml version="1.0" encoding="UTF-8"?>
<!-- Generated by org.testng.reporters.JUnitReportReporter -->
<testsuite hostname="DESKTOP-MPU6F8C" failures="0" tests="1" name="responseValidation.VerifyResponseTime" time="1.209" errors="0" timestamp="2022-02-10T17:34:21 IST" skipped="0">
  <testcase classname="responseValidation.VerifyResponseTime" name="verify" time="1.209"/>
  <system-out/>
</testsuite> <!-- responseValidation.VerifyResponseTime -->
