<?xml version="1.0" encoding="UTF-8"?>
<!-- Generated by org.testng.reporters.JUnitReportReporter -->
<testsuite hostname="DESKTOP-MPU6F8C" failures="0" tests="2" name="Authentication.PreemptiveAuth" time="1.456" errors="0" timestamp="2022-02-11T16:32:12 IST" skipped="0">
  <testcase classname="Authentication.PreemptiveAuth" name="pAuth" time="0.104"/>
  <system-out/>
  <testcase classname="Authentication.PreemptiveAuth" name="digestiveAuth" time="1.352"/>
  <system-out/>
</testsuite> <!-- Authentication.PreemptiveAuth -->
