<?xml version="1.0" encoding="UTF-8"?>
<!-- Generated by org.testng.reporters.JUnitReportReporter -->
<testsuite hostname="DESKTOP-MPU6F8C" failures="0" tests="1" name="waysToPostRequest.CreateResourceUsingHashMap" time="1.730" errors="0" timestamp="2022-02-10T14:54:36 IST" skipped="0">
  <testcase classname="waysToPostRequest.CreateResourceUsingHashMap" name="create" time="1.730"/>
  <system-out/>
</testsuite> <!-- waysToPostRequest.CreateResourceUsingHashMap -->
