<?xml version="1.0" encoding="UTF-8"?>
<!-- Generated by org.testng.reporters.JUnitReportReporter -->
<testsuite hostname="DESKTOP-MPU6F8C" failures="0" tests="1" name="practiceCRUDwithBDD.DeleteResourceTest" time="1.195" errors="0" timestamp="2022-02-10T14:01:24 IST" skipped="0">
  <testcase classname="practiceCRUDwithBDD.DeleteResourceTest" name="delete" time="1.195"/>
  <system-out/>
</testsuite> <!-- practiceCRUDwithBDD.DeleteResourceTest -->
