<?xml version="1.0" encoding="UTF-8"?>
<!-- Generated by org.testng.reporters.JUnitReportReporter -->
<testsuite hostname="DESKTOP-MPU6F8C" failures="0" tests="1" name="Assignment.addProjectWitONGoingStatus" time="2.112" errors="0" timestamp="2022-02-11T17:53:46 IST" skipped="0">
  <testcase classname="Assignment.addProjectWitONGoingStatus" name="addSingleProject" time="2.112"/>
  <system-out/>
</testsuite> <!-- Assignment.addProjectWitONGoingStatus -->
