<?xml version="1.0" encoding="UTF-8"?>
<!-- Generated by org.testng.reporters.JUnitReportReporter -->
<testsuite hostname="DESKTOP-MPU6F8C" failures="0" tests="1" name="Parameters.ParametersTest" time="2.433" errors="0" timestamp="2022-02-11T12:59:21 IST" skipped="0">
  <testcase classname="Parameters.ParametersTest" name="multipleParams" time="2.433"/>
  <system-out/>
</testsuite> <!-- Parameters.ParametersTest -->
