<?xml version="1.0" encoding="UTF-8"?>
<!-- Generated by org.testng.reporters.JUnitReportReporter -->
<testsuite hostname="DESKTOP-MPU6F8C" failures="0" tests="1" name="practiceCRUDwithBDD.UpdateTest" time="1.461" errors="0" timestamp="2022-02-10T14:02:39 IST" skipped="0">
  <testcase classname="practiceCRUDwithBDD.UpdateTest" name="update" time="1.461"/>
  <system-out/>
</testsuite> <!-- practiceCRUDwithBDD.UpdateTest -->
