<?xml version="1.0" encoding="UTF-8"?>
<!-- Generated by org.testng.reporters.JUnitReportReporter -->
<testsuite hostname="DESKTOP-MPU6F8C" failures="0" tests="1" name="Authentication.BasicAuthTest" time="1.463" errors="0" timestamp="2022-02-11T16:23:55 IST" skipped="0">
  <testcase classname="Authentication.BasicAuthTest" name="BAsicAuthe" time="1.463"/>
  <system-out/>
</testsuite> <!-- Authentication.BasicAuthTest -->
