<?xml version="1.0" encoding="UTF-8"?>
<!-- Generated by org.testng.reporters.JUnitReportReporter -->
<testsuite hostname="DESKTOP-MPU6F8C" failures="0" tests="1" name="waysToPostRequest.CreateResourceUsingJasonObject" time="1.596" errors="0" timestamp="2022-02-10T15:02:51 IST" skipped="0">
  <testcase classname="waysToPostRequest.CreateResourceUsingJasonObject" name="create" time="1.596"/>
  <system-out/>
</testsuite> <!-- waysToPostRequest.CreateResourceUsingJasonObject -->
