<?xml version="1.0" encoding="UTF-8"?>
<!-- Generated by org.testng.reporters.JUnitReportReporter -->
<testsuite hostname="DESKTOP-MPU6F8C" failures="0" tests="1" name="Authentication.BearerTokenTest" time="7.019" errors="0" timestamp="2022-02-11T16:11:34 IST" skipped="0">
  <testcase classname="Authentication.BearerTokenTest" name="Authentication" time="7.019"/>
  <system-out/>
</testsuite> <!-- Authentication.BearerTokenTest -->
