<?xml version="1.0" encoding="UTF-8"?>
<!-- Generated by org.testng.reporters.JUnitReportReporter -->
<testsuite hostname="DESKTOP-MPU6F8C" failures="0" tests="1" name="practiceCRUDwithBDD.GetAllResources" time="1.276" errors="0" timestamp="2022-02-10T14:01:30 IST" skipped="0">
  <testcase classname="practiceCRUDwithBDD.GetAllResources" name="getResource" time="1.276"/>
  <system-out/>
</testsuite> <!-- practiceCRUDwithBDD.GetAllResources -->
