<?xml version="1.0" encoding="UTF-8"?>
<!-- Generated by org.testng.reporters.JUnitReportReporter -->
<testsuite hostname="DESKTOP-MPU6F8C" failures="0" tests="1" name="Authentication.Auth2" time="3.075" errors="0" timestamp="2022-02-11T17:07:44 IST" skipped="0">
  <testcase classname="Authentication.Auth2" name="auths" time="3.075"/>
  <system-out/>
</testsuite> <!-- Authentication.Auth2 -->
