<?xml version="1.0" encoding="UTF-8"?>
<!-- Generated by org.testng.reporters.JUnitReportReporter -->
<testsuite hostname="DESKTOP-MPU6F8C" failures="0" tests="1" name="Parameters.PathParameterTest" time="1.465" errors="0" timestamp="2022-02-11T15:01:25 IST" skipped="0">
  <testcase classname="Parameters.PathParameterTest" name="PathParameterTest" time="1.465"/>
  <system-out/>
</testsuite> <!-- Parameters.PathParameterTest -->
