<?xml version="1.0" encoding="UTF-8"?>
<!-- Generated by org.testng.reporters.JUnitReportReporter -->
<testsuite hostname="Manasa" failures="0" tests="1" name="com.RMGYantraTests.CreateResourceAndVerifyInDatabase" time="1.523" errors="0" timestamp="2022-02-12T20:56:13 IST" skipped="0">
  <testcase classname="com.RMGYantraTests.CreateResourceAndVerifyInDatabase" name="createResourceAndVerifyInDb" time="1.523"/>
  <system-out>
    <![CDATA[TY_PROJ_1219
data verification sucessful]]>
  </system-out>
</testsuite> <!-- com.RMGYantraTests.CreateResourceAndVerifyInDatabase -->
