<?xml version="1.0" encoding="UTF-8"?>
<!-- Generated by org.testng.reporters.JUnitReportReporter -->
<testsuite hostname="DESKTOP-MPU6F8C" failures="0" tests="1" name="Parameters.QueryParameter" time="2.735" errors="0" timestamp="2022-02-11T12:56:53 IST" skipped="0">
  <testcase classname="Parameters.QueryParameter" name="Query" time="2.735"/>
  <system-out/>
</testsuite> <!-- Parameters.QueryParameter -->
