<?xml version="1.0" encoding="UTF-8"?>
<!-- Generated by org.testng.reporters.JUnitReportReporter -->
<testsuite hostname="DESKTOP-MPU6F8C" failures="0" tests="1" name="responseValidation.VerifyResponseTimeHamcrest" time="1.304" errors="0" timestamp="2022-02-11T10:36:19 IST" skipped="0">
  <testcase classname="responseValidation.VerifyResponseTimeHamcrest" name="verify" time="1.304"/>
  <system-out/>
</testsuite> <!-- responseValidation.VerifyResponseTimeHamcrest -->
