<?xml version="1.0" encoding="UTF-8"?>
<!-- Generated by org.testng.reporters.JUnitReportReporter -->
<testsuite hostname="DESKTOP-MPU6F8C" failures="0" tests="1" name="waysToPostRequest.CreateResourcesUsingJSONFile" time="1.509" errors="0" timestamp="2022-02-10T15:08:33 IST" skipped="0">
  <testcase classname="waysToPostRequest.CreateResourcesUsingJSONFile" name="create" time="1.509"/>
  <system-out/>
</testsuite> <!-- waysToPostRequest.CreateResourcesUsingJSONFile -->
