<?xml version="1.0" encoding="UTF-8"?>
<!-- Generated by org.testng.reporters.JUnitReportReporter -->
<testsuite hostname="DESKTOP-MPU6F8C" failures="0" tests="1" name="Assignment.AddSingleProjectWithCreatedStatus" time="2.238" errors="0" timestamp="2022-02-11T17:49:13 IST" skipped="0">
  <testcase classname="Assignment.AddSingleProjectWithCreatedStatus" name="addSingleProject" time="2.238"/>
  <system-out/>
</testsuite> <!-- Assignment.AddSingleProjectWithCreatedStatus -->
